======================================================================

Annotating SDF timing data:
  Compiled SDF file:     AXI4_writer.sdf.X
  Log file:              sdf_axi4_writer_postsim.log
  Backannotation scope:  tb_axi4_writer_pls.uut
  Configuration file:    
  MTM control:           MAXIMUM
  Scale factors:         
  Scale type:            

Time units: 1ns

xmelab: *W,SDFNET: Unable to annotate to non-existent timing check (RECREM (posedge RN) (posedge CK) (-0.066) (0.18)) of instance tb_axi4_writer_pls.uut.\u_fifo_writer_rd_ptr_gray_sync1_reg[0]  of module DFFRHQX1 </home/s_2025_h007/PROJECT/HDMI_DDR/pnr/outputs/AXI4_writer.sdf, line 153536>.
xmelab: *W,SDFNET: Unable to annotate to non-existent timing check (RECREM (posedge RN) (posedge CK) (-0.039) (0.154)) of instance tb_axi4_writer_pls.uut.\u_fifo_writer_wr_ptr_gray_sync1_reg[6]  of module DFFRHQX1 </home/s_2025_h007/PROJECT/HDMI_DDR/pnr/outputs/AXI4_writer.sdf, line 153555>.
xmelab: *W,SDFNET: Unable to annotate to non-existent timing check (RECREM (posedge RN) (posedge CK) (-0.039) (0.154)) of instance tb_axi4_writer_pls.uut.\u_fifo_writer_wr_ptr_gray_sync1_reg[4]  of module DFFRHQX1 </home/s_2025_h007/PROJECT/HDMI_DDR/pnr/outputs/AXI4_writer.sdf, line 153574>.
xmelab: *W,SDFNET: Unable to annotate to non-existent timing check (RECREM (posedge RN) (posedge CK) (-0.039) (0.154)) of instance tb_axi4_writer_pls.uut.\u_fifo_writer_wr_ptr_gray_sync1_reg[0]  of module DFFRHQX1 </home/s_2025_h007/PROJECT/HDMI_DDR/pnr/outputs/AXI4_writer.sdf, line 153593>.
xmelab: *W,SDFNET: Unable to annotate to non-existent timing check (RECREM (posedge RN) (posedge CK) (-0.039) (0.154)) of instance tb_axi4_writer_pls.uut.\u_fifo_writer_wr_ptr_gray_sync1_reg[7]  of module DFFRHQX1 </home/s_2025_h007/PROJECT/HDMI_DDR/pnr/outputs/AXI4_writer.sdf, line 153612>.
xmelab: *W,SDFNET: Unable to annotate to non-existent timing check (RECREM (posedge RN) (posedge CK) (-0.066) (0.18)) of instance tb_axi4_writer_pls.uut.\u_fifo_writer_rd_ptr_gray_sync1_reg[7]  of module DFFRHQX1 </home/s_2025_h007/PROJECT/HDMI_DDR/pnr/outputs/AXI4_writer.sdf, line 153631>.
xmelab: *W,SDFNET: Unable to annotate to non-existent timing check (RECREM (posedge RN) (posedge CK) (-0.039) (0.154)) of instance tb_axi4_writer_pls.uut.\u_fifo_writer_wr_ptr_gray_sync1_reg[3]  of module DFFRHQX1 </home/s_2025_h007/PROJECT/HDMI_DDR/pnr/outputs/AXI4_writer.sdf, line 153650>.
xmelab: *W,SDFNET: Unable to annotate to non-existent timing check (RECREM (posedge RN) (posedge CK) (-0.066) (0.18)) of instance tb_axi4_writer_pls.uut.\u_fifo_writer_rd_ptr_gray_sync1_reg[6]  of module DFFRHQX1 </home/s_2025_h007/PROJECT/HDMI_DDR/pnr/outputs/AXI4_writer.sdf, line 153669>.
xmelab: *W,SDFNET: Unable to annotate to non-existent timing check (RECREM (posedge RN) (posedge CK) (-0.066) (0.18)) of instance tb_axi4_writer_pls.uut.\u_fifo_writer_rd_ptr_gray_sync1_reg[3]  of module DFFRHQX1 </home/s_2025_h007/PROJECT/HDMI_DDR/pnr/outputs/AXI4_writer.sdf, line 153688>.
xmelab: *W,SDFNET: Unable to annotate to non-existent timing check (RECREM (posedge RN) (posedge CK) (-0.039) (0.154)) of instance tb_axi4_writer_pls.uut.\u_fifo_writer_wr_ptr_gray_sync1_reg[5]  of module DFFRHQX1 </home/s_2025_h007/PROJECT/HDMI_DDR/pnr/outputs/AXI4_writer.sdf, line 153707>.
xmelab: *W,SDFNET: Unable to annotate to non-existent timing check (RECREM (posedge RN) (posedge CK) (-0.039) (0.154)) of instance tb_axi4_writer_pls.uut.\u_fifo_writer_wr_ptr_gray_sync1_reg[2]  of module DFFRHQX1 </home/s_2025_h007/PROJECT/HDMI_DDR/pnr/outputs/AXI4_writer.sdf, line 153726>.
xmelab: *W,SDFNET: Unable to annotate to non-existent timing check (RECREM (posedge RN) (posedge CK) (-0.066) (0.18)) of instance tb_axi4_writer_pls.uut.\u_fifo_writer_rd_ptr_gray_sync1_reg[4]  of module DFFRHQX1 </home/s_2025_h007/PROJECT/HDMI_DDR/pnr/outputs/AXI4_writer.sdf, line 153745>.
xmelab: *W,SDFNET: Unable to annotate to non-existent timing check (RECREM (posedge RN) (posedge CK) (-0.066) (0.18)) of instance tb_axi4_writer_pls.uut.\u_fifo_writer_rd_ptr_gray_sync1_reg[5]  of module DFFRHQX1 </home/s_2025_h007/PROJECT/HDMI_DDR/pnr/outputs/AXI4_writer.sdf, line 153764>.
xmelab: *W,SDFNET: Unable to annotate to non-existent timing check (RECREM (posedge RN) (posedge CK) (-0.039) (0.154)) of instance tb_axi4_writer_pls.uut.\u_fifo_writer_wr_ptr_gray_sync1_reg[1]  of module DFFRHQX1 </home/s_2025_h007/PROJECT/HDMI_DDR/pnr/outputs/AXI4_writer.sdf, line 153783>.
xmelab: *W,SDFNET: Unable to annotate to non-existent timing check (RECREM (posedge RN) (posedge CK) (-0.066) (0.18)) of instance tb_axi4_writer_pls.uut.\u_fifo_writer_rd_ptr_gray_sync1_reg[2]  of module DFFRHQX1 </home/s_2025_h007/PROJECT/HDMI_DDR/pnr/outputs/AXI4_writer.sdf, line 153802>.
xmelab: *W,SDFNET: Unable to annotate to non-existent timing check (RECREM (posedge RN) (posedge CK) (-0.064) (0.178)) of instance tb_axi4_writer_pls.uut.\u_fifo_writer_rd_ptr_gray_sync1_reg[1]  of module DFFRHQX1 </home/s_2025_h007/PROJECT/HDMI_DDR/pnr/outputs/AXI4_writer.sdf, line 153821>.
xmelab: *W,SDFNET: Unable to annotate to non-existent timing check (RECREM (posedge RN) (posedge CK) (-0.039) (0.154)) of instance tb_axi4_writer_pls.uut.\u_fifo_writer_rd_ptr_gray_reg[1]  of module DFFRHQX1 </home/s_2025_h007/PROJECT/HDMI_DDR/pnr/outputs/AXI4_writer.sdf, line 153840>.
xmelab: *W,SDFNET: Unable to annotate to non-existent timing check (RECREM (posedge RN) (posedge CK) (-0.069) (0.183)) of instance tb_axi4_writer_pls.uut.\u_fifo_writer_wr_ptr_gray_reg[4]  of module DFFRHQX1 </home/s_2025_h007/PROJECT/HDMI_DDR/pnr/outputs/AXI4_writer.sdf, line 153859>.
xmelab: *W,SDFNET: Unable to annotate to non-existent timing check (RECREM (posedge RN) (posedge CK) (-0.07) (0.183)) of instance tb_axi4_writer_pls.uut.\u_fifo_writer_wr_ptr_gray_reg[6]  of module DFFRHQX1 </home/s_2025_h007/PROJECT/HDMI_DDR/pnr/outputs/AXI4_writer.sdf, line 153878>.
xmelab: *W,SDFNET: Unable to annotate to non-existent timing check (RECREM (posedge RN) (posedge CK) (-0.039) (0.154)) of instance tb_axi4_writer_pls.uut.\u_fifo_writer_rd_ptr_gray_reg[0]  of module DFFRHQX1 </home/s_2025_h007/PROJECT/HDMI_DDR/pnr/outputs/AXI4_writer.sdf, line 153897>.
xmelab: *W,SDFNET: Unable to annotate to non-existent timing check (RECREM (posedge RN) (posedge CK) (-0.066) (0.18)) of instance tb_axi4_writer_pls.uut.\u_fifo_writer_wr_ptr_gray_reg[0]  of module DFFRHQX1 </home/s_2025_h007/PROJECT/HDMI_DDR/pnr/outputs/AXI4_writer.sdf, line 153916>.
xmelab: *W,SDFNET: Unable to annotate to non-existent timing check (RECREM (posedge RN) (posedge CK) (-0.039) (0.154)) of instance tb_axi4_writer_pls.uut.\u_fifo_writer_rd_ptr_gray_reg[3]  of module DFFRHQX1 </home/s_2025_h007/PROJECT/HDMI_DDR/pnr/outputs/AXI4_writer.sdf, line 153935>.
xmelab: *W,SDFNET: Unable to annotate to non-existent timing check (RECREM (posedge RN) (posedge CK) (-0.039) (0.154)) of instance tb_axi4_writer_pls.uut.\u_fifo_writer_rd_ptr_gray_reg[4]  of module DFFRHQX1 </home/s_2025_h007/PROJECT/HDMI_DDR/pnr/outputs/AXI4_writer.sdf, line 153954>.
xmelab: *W,SDFNET: Unable to annotate to non-existent timing check (RECREM (posedge RN) (posedge CK) (-0.039) (0.154)) of instance tb_axi4_writer_pls.uut.\u_fifo_writer_rd_ptr_gray_reg[5]  of module DFFRHQX1 </home/s_2025_h007/PROJECT/HDMI_DDR/pnr/outputs/AXI4_writer.sdf, line 153973>.
xmelab: *W,SDFNET: Unable to annotate to non-existent timing check (RECREM (posedge RN) (posedge CK) (-0.066) (0.18)) of instance tb_axi4_writer_pls.uut.\u_fifo_writer_wr_ptr_gray_reg[3]  of module DFFRHQX1 </home/s_2025_h007/PROJECT/HDMI_DDR/pnr/outputs/AXI4_writer.sdf, line 153992>.
xmelab: *W,SDFNET: Unable to annotate to non-existent timing check (RECREM (posedge RN) (posedge CK) (-0.039) (0.154)) of instance tb_axi4_writer_pls.uut.\u_fifo_writer_rd_ptr_gray_reg[7]  of module DFFRHQX1 </home/s_2025_h007/PROJECT/HDMI_DDR/pnr/outputs/AXI4_writer.sdf, line 154011>.
xmelab: *W,SDFNET: Unable to annotate to non-existent timing check (RECREM (posedge RN) (posedge CK) (-0.066) (0.18)) of instance tb_axi4_writer_pls.uut.\u_fifo_writer_wr_ptr_gray_reg[1]  of module DFFRHQX1 </home/s_2025_h007/PROJECT/HDMI_DDR/pnr/outputs/AXI4_writer.sdf, line 154030>.
xmelab: *W,SDFNET: Unable to annotate to non-existent timing check (RECREM (posedge RN) (posedge CK) (-0.066) (0.18)) of instance tb_axi4_writer_pls.uut.\u_fifo_writer_wr_ptr_gray_reg[7]  of module DFFRHQX1 </home/s_2025_h007/PROJECT/HDMI_DDR/pnr/outputs/AXI4_writer.sdf, line 154049>.
xmelab: *W,SDFNET: Unable to annotate to non-existent timing check (RECREM (posedge RN) (posedge CK) (-0.066) (0.18)) of instance tb_axi4_writer_pls.uut.\u_fifo_writer_wr_ptr_gray_reg[2]  of module DFFRHQX1 </home/s_2025_h007/PROJECT/HDMI_DDR/pnr/outputs/AXI4_writer.sdf, line 154068>.
xmelab: *W,SDFNET: Unable to annotate to non-existent timing check (RECREM (posedge RN) (posedge CK) (-0.069) (0.183)) of instance tb_axi4_writer_pls.uut.\u_fifo_writer_wr_ptr_gray_reg[5]  of module DFFRHQX1 </home/s_2025_h007/PROJECT/HDMI_DDR/pnr/outputs/AXI4_writer.sdf, line 154087>.
xmelab: *W,SDFNET: Unable to annotate to non-existent timing check (RECREM (posedge RN) (posedge CK) (-0.039) (0.154)) of instance tb_axi4_writer_pls.uut.\u_fifo_writer_rd_ptr_gray_reg[6]  of module DFFRHQX1 </home/s_2025_h007/PROJECT/HDMI_DDR/pnr/outputs/AXI4_writer.sdf, line 154106>.
xmelab: *W,SDFNET: Unable to annotate to non-existent timing check (RECREM (posedge RN) (posedge CK) (-0.039) (0.154)) of instance tb_axi4_writer_pls.uut.\u_fifo_writer_rd_ptr_gray_reg[2]  of module DFFRHQX1 </home/s_2025_h007/PROJECT/HDMI_DDR/pnr/outputs/AXI4_writer.sdf, line 154125>.
xmelab: *W,SDFNET: Unable to annotate to non-existent timing check (RECREM (posedge RN) (posedge CK) (-0.066) (0.18)) of instance tb_axi4_writer_pls.uut.\u_fifo_writer_rd_ptr_gray_sync1_reg[8]  of module DFFRHQX1 </home/s_2025_h007/PROJECT/HDMI_DDR/pnr/outputs/AXI4_writer.sdf, line 154280>.
xmelab: *W,SDFNET: Unable to annotate to non-existent timing check (RECREM (posedge RN) (posedge CK) (-0.066) (0.18)) of instance tb_axi4_writer_pls.uut.\u_fifo_writer_rd_ptr_gray_sync2_reg[8]  of module DFFRHQX1 </home/s_2025_h007/PROJECT/HDMI_DDR/pnr/outputs/AXI4_writer.sdf, line 154299>.
xmelab: *W,SDFNET: Unable to annotate to non-existent timing check (RECREM (posedge RN) (posedge CK) (-0.039) (0.154)) of instance tb_axi4_writer_pls.uut.\u_fifo_writer_wr_ptr_gray_sync1_reg[8]  of module DFFRHQX1 </home/s_2025_h007/PROJECT/HDMI_DDR/pnr/outputs/AXI4_writer.sdf, line 154318>.
xmelab: *W,SDFNET: Unable to annotate to non-existent timing check (RECREM (posedge RN) (posedge CK) (-0.058) (0.144)) of instance tb_axi4_writer_pls.uut.\u_fifo_writer_rd_ptr_bin_reg[0]  of module DFFRHQX8 </home/s_2025_h007/PROJECT/HDMI_DDR/pnr/outputs/AXI4_writer.sdf, line 275226>.
xmelab: *W,SDFNET: Unable to annotate to non-existent timing check (RECREM (posedge RN) (posedge CK) (-0.039) (0.154)) of instance tb_axi4_writer_pls.uut.\u_fifo_writer_rd_ptr_bin_reg[5]  of module DFFRHQX1 </home/s_2025_h007/PROJECT/HDMI_DDR/pnr/outputs/AXI4_writer.sdf, line 275245>.
xmelab: *W,SDFNET: Unable to annotate to non-existent timing check (RECREM (posedge RN) (posedge CK) (-0.028) (0.147)) of instance tb_axi4_writer_pls.uut.\u_fifo_writer_rd_ptr_bin_reg[6]  of module DFFRX1 </home/s_2025_h007/PROJECT/HDMI_DDR/pnr/outputs/AXI4_writer.sdf, line 275266>.
xmelab: *W,SDFNET: Unable to annotate to non-existent timing check (RECREM (posedge RN) (posedge CK) (-0.041) (0.149)) of instance tb_axi4_writer_pls.uut.\u_fifo_writer_rd_ptr_bin_reg[7]  of module DFFRHQX4 </home/s_2025_h007/PROJECT/HDMI_DDR/pnr/outputs/AXI4_writer.sdf, line 275285>.
xmelab: *W,SDFNET: Unable to annotate to non-existent timing check (RECREM (posedge RN) (posedge CK) (-0.039) (0.154)) of instance tb_axi4_writer_pls.uut.\u_fifo_writer_rd_ptr_bin_reg[8]  of module DFFRHQX1 </home/s_2025_h007/PROJECT/HDMI_DDR/pnr/outputs/AXI4_writer.sdf, line 275304>.
xmelab: *W,SDFNET: Unable to annotate to non-existent timing check (RECREM (posedge RN) (posedge CK) (-0.066) (0.18)) of instance tb_axi4_writer_pls.uut.\u_fifo_writer_rd_ptr_gray_sync2_reg[0]  of module DFFRHQX1 </home/s_2025_h007/PROJECT/HDMI_DDR/pnr/outputs/AXI4_writer.sdf, line 275323>.
xmelab: *W,SDFNET: Unable to annotate to non-existent timing check (RECREM (posedge RN) (posedge CK) (-0.064) (0.178)) of instance tb_axi4_writer_pls.uut.\u_fifo_writer_rd_ptr_gray_sync2_reg[2]  of module DFFRHQX1 </home/s_2025_h007/PROJECT/HDMI_DDR/pnr/outputs/AXI4_writer.sdf, line 275342>.
xmelab: *W,SDFNET: Unable to annotate to non-existent timing check (RECREM (posedge RN) (posedge CK) (-0.066) (0.18)) of instance tb_axi4_writer_pls.uut.\u_fifo_writer_rd_ptr_gray_sync2_reg[4]  of module DFFRHQX1 </home/s_2025_h007/PROJECT/HDMI_DDR/pnr/outputs/AXI4_writer.sdf, line 275361>.
xmelab: *W,SDFNET: Unable to annotate to non-existent timing check (RECREM (posedge RN) (posedge CK) (-0.069) (0.183)) of instance tb_axi4_writer_pls.uut.\u_fifo_writer_rd_ptr_gray_sync2_reg[6]  of module DFFRHQX1 </home/s_2025_h007/PROJECT/HDMI_DDR/pnr/outputs/AXI4_writer.sdf, line 275380>.
xmelab: *W,SDFNET: Unable to annotate to non-existent timing check (RECREM (posedge RN) (posedge CK) (-0.064) (0.177)) of instance tb_axi4_writer_pls.uut.\u_fifo_writer_wr_ptr_bin_reg[0]  of module DFFRHQX1 </home/s_2025_h007/PROJECT/HDMI_DDR/pnr/outputs/AXI4_writer.sdf, line 275399>.
xmelab: *W,SDFNET: Unable to annotate to non-existent timing check (RECREM (posedge RN) (posedge CK) (-0.039) (0.154)) of instance tb_axi4_writer_pls.uut.\u_fifo_writer_wr_ptr_gray_sync2_reg[1]  of module DFFRHQX1 </home/s_2025_h007/PROJECT/HDMI_DDR/pnr/outputs/AXI4_writer.sdf, line 275418>.
xmelab: *W,SDFNET: Unable to annotate to non-existent timing check (RECREM (posedge RN) (posedge CK) (-0.039) (0.154)) of instance tb_axi4_writer_pls.uut.\u_fifo_writer_wr_ptr_gray_sync2_reg[2]  of module DFFRHQX1 </home/s_2025_h007/PROJECT/HDMI_DDR/pnr/outputs/AXI4_writer.sdf, line 275437>.
xmelab: *W,SDFNET: Unable to annotate to non-existent timing check (RECREM (posedge RN) (posedge CK) (-0.039) (0.154)) of instance tb_axi4_writer_pls.uut.\u_fifo_writer_wr_ptr_gray_sync2_reg[3]  of module DFFRHQX1 </home/s_2025_h007/PROJECT/HDMI_DDR/pnr/outputs/AXI4_writer.sdf, line 275456>.
xmelab: *W,SDFNET: Unable to annotate to non-existent timing check (RECREM (posedge RN) (posedge CK) (-0.039) (0.154)) of instance tb_axi4_writer_pls.uut.\u_fifo_writer_wr_ptr_gray_sync2_reg[4]  of module DFFRHQX1 </home/s_2025_h007/PROJECT/HDMI_DDR/pnr/outputs/AXI4_writer.sdf, line 275475>.
xmelab: *W,SDFNET: Unable to annotate to non-existent timing check (RECREM (posedge RN) (posedge CK) (-0.039) (0.154)) of instance tb_axi4_writer_pls.uut.\u_fifo_writer_wr_ptr_gray_sync2_reg[5]  of module DFFRHQX1 </home/s_2025_h007/PROJECT/HDMI_DDR/pnr/outputs/AXI4_writer.sdf, line 275494>.
xmelab: *W,SDFNET: Unable to annotate to non-existent timing check (RECREM (posedge RN) (posedge CK) (-0.039) (0.154)) of instance tb_axi4_writer_pls.uut.\u_fifo_writer_wr_ptr_gray_sync2_reg[6]  of module DFFRHQX1 </home/s_2025_h007/PROJECT/HDMI_DDR/pnr/outputs/AXI4_writer.sdf, line 275513>.
xmelab: *W,SDFNET: Unable to annotate to non-existent timing check (RECREM (posedge RN) (posedge CK) (-0.039) (0.154)) of instance tb_axi4_writer_pls.uut.\u_fifo_writer_wr_ptr_gray_sync2_reg[7]  of module DFFRHQX1 </home/s_2025_h007/PROJECT/HDMI_DDR/pnr/outputs/AXI4_writer.sdf, line 275532>.
xmelab: *W,SDFNET: Unable to annotate to non-existent timing check (RECREM (posedge RN) (posedge CK) (-0.039) (0.154)) of instance tb_axi4_writer_pls.uut.\u_fifo_writer_wr_ptr_gray_sync2_reg[8]  of module DFFRHQX1 </home/s_2025_h007/PROJECT/HDMI_DDR/pnr/outputs/AXI4_writer.sdf, line 275551>.
xmelab: *W,SDFNET: Unable to annotate to non-existent timing check (RECREM (posedge RN) (posedge CK) (-0.028) (0.144)) of instance tb_axi4_writer_pls.uut.\u_fifo_writer_rd_ptr_bin_reg[1]  of module DFFRX2 </home/s_2025_h007/PROJECT/HDMI_DDR/pnr/outputs/AXI4_writer.sdf, line 334176>.
xmelab: *W,SDFNET: Unable to annotate to non-existent timing check (RECREM (posedge RN) (posedge CK) (-0.028) (0.147)) of instance tb_axi4_writer_pls.uut.\u_fifo_writer_rd_ptr_bin_reg[2]  of module DFFRX1 </home/s_2025_h007/PROJECT/HDMI_DDR/pnr/outputs/AXI4_writer.sdf, line 334197>.
xmelab: *W,SDFNET: Unable to annotate to non-existent timing check (RECREM (posedge RN) (posedge CK) (-0.028) (0.144)) of instance tb_axi4_writer_pls.uut.\u_fifo_writer_rd_ptr_bin_reg[3]  of module DFFRX2 </home/s_2025_h007/PROJECT/HDMI_DDR/pnr/outputs/AXI4_writer.sdf, line 334218>.
xmelab: *W,SDFNET: Unable to annotate to non-existent timing check (RECREM (posedge RN) (posedge CK) (-0.071) (0.184)) of instance tb_axi4_writer_pls.uut.\u_fifo_writer_wr_ptr_bin_reg[1]  of module DFFRHQX1 </home/s_2025_h007/PROJECT/HDMI_DDR/pnr/outputs/AXI4_writer.sdf, line 334237>.
xmelab: *W,SDFNET: Unable to annotate to non-existent timing check (RECREM (posedge RN) (posedge CK) (-0.071) (0.184)) of instance tb_axi4_writer_pls.uut.\u_fifo_writer_wr_ptr_bin_reg[3]  of module DFFRHQX1 </home/s_2025_h007/PROJECT/HDMI_DDR/pnr/outputs/AXI4_writer.sdf, line 334256>.
xmelab: *W,SDFNET: Unable to annotate to non-existent timing check (RECREM (posedge RN) (posedge CK) (-0.069) (0.183)) of instance tb_axi4_writer_pls.uut.\u_fifo_writer_wr_ptr_bin_reg[4]  of module DFFRHQX1 </home/s_2025_h007/PROJECT/HDMI_DDR/pnr/outputs/AXI4_writer.sdf, line 334275>.
xmelab: *W,SDFNET: Unable to annotate to non-existent timing check (RECREM (posedge RN) (posedge CK) (-0.069) (0.183)) of instance tb_axi4_writer_pls.uut.\u_fifo_writer_wr_ptr_bin_reg[5]  of module DFFRHQX1 </home/s_2025_h007/PROJECT/HDMI_DDR/pnr/outputs/AXI4_writer.sdf, line 334294>.
xmelab: *W,SDFNET: Unable to annotate to non-existent timing check (RECREM (posedge RN) (posedge CK) (-0.069) (0.183)) of instance tb_axi4_writer_pls.uut.\u_fifo_writer_wr_ptr_bin_reg[6]  of module DFFRHQX1 </home/s_2025_h007/PROJECT/HDMI_DDR/pnr/outputs/AXI4_writer.sdf, line 334313>.
xmelab: *W,SDFNET: Unable to annotate to non-existent timing check (RECREM (posedge RN) (posedge CK) (-0.028) (0.147)) of instance tb_axi4_writer_pls.uut.\u_fifo_writer_wr_ptr_gray_sync2_reg[0]  of module DFFRX1 </home/s_2025_h007/PROJECT/HDMI_DDR/pnr/outputs/AXI4_writer.sdf, line 334334>.
xmelab: *W,SDFNET: Unable to annotate to non-existent timing check (RECREM (posedge RN) (posedge CK) (-0.054) (0.171)) of instance tb_axi4_writer_pls.uut.\u_fifo_writer_rd_ptr_gray_sync2_reg[3]  of module DFFRX1 </home/s_2025_h007/PROJECT/HDMI_DDR/pnr/outputs/AXI4_writer.sdf, line 334943>.
xmelab: *W,SDFNET: Unable to annotate to non-existent timing check (RECREM (posedge RN) (posedge CK) (-0.028) (0.147)) of instance tb_axi4_writer_pls.uut.\u_fifo_writer_rd_ptr_bin_reg[4]  of module DFFRX1 </home/s_2025_h007/PROJECT/HDMI_DDR/pnr/outputs/AXI4_writer.sdf, line 334964>.
xmelab: *W,SDFNET: Unable to annotate to non-existent timing check (RECREM (posedge RN) (posedge CK) (-0.054) (0.171)) of instance tb_axi4_writer_pls.uut.\u_fifo_writer_wr_ptr_bin_reg[8]  of module DFFRX1 </home/s_2025_h007/PROJECT/HDMI_DDR/pnr/outputs/AXI4_writer.sdf, line 334985>.
xmelab: *W,SDFNET: Unable to annotate to non-existent timing check (RECREM (posedge RN) (posedge CK) (-0.059) (0.175)) of instance tb_axi4_writer_pls.uut.\u_fifo_writer_wr_ptr_bin_reg[2]  of module DFFRX1 </home/s_2025_h007/PROJECT/HDMI_DDR/pnr/outputs/AXI4_writer.sdf, line 335006>.
xmelab: *W,SDFNET: Unable to annotate to non-existent timing check (RECREM (posedge RN) (posedge CK) (-0.057) (0.173)) of instance tb_axi4_writer_pls.uut.\u_fifo_writer_wr_ptr_bin_reg[7]  of module DFFRX1 </home/s_2025_h007/PROJECT/HDMI_DDR/pnr/outputs/AXI4_writer.sdf, line 335027>.
xmelab: *W,SDFNET: Unable to annotate to non-existent timing check (RECREM (posedge RN) (posedge CK) (-0.057) (0.173)) of instance tb_axi4_writer_pls.uut.\u_fifo_writer_rd_ptr_gray_sync2_reg[5]  of module DFFRX1 </home/s_2025_h007/PROJECT/HDMI_DDR/pnr/outputs/AXI4_writer.sdf, line 335048>.
xmelab: *W,SDFNET: Unable to annotate to non-existent timing check (RECREM (posedge RN) (posedge CK) (-0.054) (0.171)) of instance tb_axi4_writer_pls.uut.\u_fifo_writer_rd_ptr_gray_sync2_reg[7]  of module DFFRX1 </home/s_2025_h007/PROJECT/HDMI_DDR/pnr/outputs/AXI4_writer.sdf, line 335069>.
xmelab: *W,SDFNET: Unable to annotate to non-existent timing check (RECREM (posedge RN) (posedge CK) (-0.052) (0.169)) of instance tb_axi4_writer_pls.uut.\u_fifo_writer_rd_ptr_gray_sync2_reg[1]  of module DFFRX1 </home/s_2025_h007/PROJECT/HDMI_DDR/pnr/outputs/AXI4_writer.sdf, line 335090>.
